<?xml version="1.0" encoding="UTF-8"?>
<testsuite xmlns:xsi="http://www.w3.org/2001/XMLSchema-instance" xsi:noNamespaceSchemaLocation="https://maven.apache.org/surefire/maven-surefire-plugin/xsd/surefire-test-report.xsd" name="StudentParameterizedTest" time="0.123" tests="7" errors="0" skipped="0" failures="0">
  <properties>
[...]
</properties>
  <testcase name="test_csv{String}[1]" classname="StudentParameterizedTest" time="0.043"/>
  <testcase name="test_csv{String}[2]" classname="StudentParameterizedTest" time="0.001"/>
  <testcase name="test_csv{String}[3]" classname="StudentParameterizedTest" time="0.002"/>
  <testcase name="dynamicTest1[1]" classname="StudentParameterizedTest" time="0.004"/>
  <testcase name="dynamicTest1[2]" classname="StudentParameterizedTest" time="0"/>
  <testcase name="dynamicTest1[3]" classname="StudentParameterizedTest" time="0"/>
  <testcase name="dynamicTest1[4]" classname="StudentParameterizedTest" time="0"/>
</testsuite>